<?xml version="1.0" encoding="UTF-8" ?>
<testsuite tests="28" failures="0" name="com.zwwhnly.mybatisaction.mapper.SysUserMapperTest" time="0.649" errors="3" skipped="0">
  <properties>
    <property name="java.runtime.name" value="OpenJDK Runtime Environment"/>
    <property name="java.vm.version" value="14.0.1+7"/>
    <property name="sun.boot.library.path" value="C:\Users\lixiangping\.jdks\openjdk-14.0.1\bin"/>
    <property name="maven.multiModuleProjectDirectory" value="C:\File\github\mybatis-action"/>
    <property name="java.vm.vendor" value="Oracle Corporation"/>
    <property name="java.vendor.url" value="https://java.oracle.com/"/>
    <property name="guice.disable.misplaced.annotation.check" value="true"/>
    <property name="path.separator" value=";"/>
    <property name="java.vm.name" value="OpenJDK 64-Bit Server VM"/>
    <property name="sun.os.patch.level" value=""/>
    <property name="user.script" value=""/>
    <property name="user.country" value="CN"/>
    <property name="sun.java.launcher" value="SUN_STANDARD"/>
    <property name="java.vm.specification.name" value="Java Virtual Machine Specification"/>
    <property name="user.dir" value="C:\File\github\mybatis-action"/>
    <property name="java.vm.compressedOopsMode" value="Zero based"/>
    <property name="java.runtime.version" value="14.0.1+7"/>
    <property name="os.arch" value="amd64"/>
    <property name="java.io.tmpdir" value="C:\Users\LIXIAN~1\AppData\Local\Temp\"/>
    <property name="line.separator" value="
"/>
    <property name="java.vm.specification.vendor" value="Oracle Corporation"/>
    <property name="user.variant" value=""/>
    <property name="os.name" value="Windows 10"/>
    <property name="maven.ext.class.path" value="C:\Users\lixiangping\AppData\Local\JetBrains\Toolbox\apps\IDEA-U\ch-0\201.7223.91\plugins\maven\lib\maven-event-listener.jar"/>
    <property name="classworlds.conf" value="C:\File\GreenSoftware\apache-maven-3.6.3\bin\m2.conf"/>
    <property name="sun.jnu.encoding" value="GBK"/>
    <property name="java.library.path" value="C:\Users\lixiangping\.jdks\openjdk-14.0.1\bin;C:\WINDOWS\Sun\Java\bin;C:\WINDOWS\system32;C:\WINDOWS;C:\Users\lixiangping\.jdks\openjdk-14.0.1\bin;C:\oracle\product\12.2.0\dbhome_1\bin;C:\Program Files (x86)\Common Files\Oracle\Java\javapath;C:\Windows\system32;C:\Windows;C:\Windows\System32\Wbem;C:\Windows\System32\WindowsPowerShell\v1.0\;C:\Windows\System32\OpenSSH\;C:\Program Files (x86)\NVIDIA Corporation\PhysX\Common;C:\Program Files\NVIDIA Corporation\NVIDIA NvDLISR;C:\Program Files\TortoiseSVN\bin;C:\File\GreenSoftware\apache-maven-3.6.3\bin;C:\Program Files\nodejs\;C:\Program Files\dotnet\;C:\Program Files\Microsoft SQL Server\130\Tools\Binn\;C:\Program Files\Microsoft SQL Server\Client SDK\ODBC\170\Tools\Binn\;C:\Program Files\Calibre2\;C:\Program Files\Git\cmd;C:\Program Files\TortoiseGit\bin;C:\WINDOWS\system32;C:\WINDOWS;C:\WINDOWS\System32\Wbem;C:\WINDOWS\System32\WindowsPowerShell\v1.0\;C:\WINDOWS\System32\OpenSSH\;C:\File\program\xshell7\;C:\File\program\xftp7\;C:\File\program\mysql\mysql-8.0.24-winx64\bin;C:\Program Files\7-Zip;C:\Users\lixiangping\AppData\Local\Programs\Python\Python39\Scripts\;C:\Users\lixiangping\AppData\Local\Programs\Python\Python39\;C:\Users\lixiangping\AppData\Local\Microsoft\WindowsApps;C:\Users\lixiangping\AppData\Local\Programs\Microsoft VS Code\bin;C:\Users\lixiangping\AppData\Roaming\npm;C:\Users\lixiangping\.dotnet\tools;C:\Users\lixiangping\AppData\Local\Programs\Fiddler;C:\Users\lixiangping\AppData\Local\Microsoft\WindowsApps;C:\Users\lixiangping\AppData\Local\MaxTo\;."/>
    <property name="maven.conf" value="C:\File\GreenSoftware\apache-maven-3.6.3/conf"/>
    <property name="jdk.debug" value="release"/>
    <property name="java.class.version" value="58.0"/>
    <property name="java.specification.name" value="Java Platform API Specification"/>
    <property name="sun.management.compiler" value="HotSpot 64-Bit Tiered Compilers"/>
    <property name="os.version" value="10.0"/>
    <property name="user.home" value="C:\Users\lixiangping"/>
    <property name="user.timezone" value="Asia/Shanghai"/>
    <property name="file.encoding" value="UTF-8"/>
    <property name="java.specification.version" value="14"/>
    <property name="user.name" value="lixiangping"/>
    <property name="java.class.path" value="C:\File\GreenSoftware\apache-maven-3.6.3\boot\plexus-classworlds-2.6.0.jar;C:\File\GreenSoftware\apache-maven-3.6.3\boot\plexus-classworlds.license"/>
    <property name="java.vm.specification.version" value="14"/>
    <property name="sun.arch.data.model" value="64"/>
    <property name="sun.java.command" value="org.codehaus.classworlds.Launcher -Didea.version2020.1.1 -s C:\File\GreenSoftware\apache-maven-3.6.3\conf\settings.xml install"/>
    <property name="java.home" value="C:\Users\lixiangping\.jdks\openjdk-14.0.1"/>
    <property name="user.language" value="zh"/>
    <property name="java.specification.vendor" value="Oracle Corporation"/>
    <property name="idea.version2020.1.1" value="true"/>
    <property name="java.vm.info" value="mixed mode, sharing"/>
    <property name="java.version" value="14.0.1"/>
    <property name="java.vendor" value="Oracle Corporation"/>
    <property name="maven.home" value="C:\File\GreenSoftware\apache-maven-3.6.3"/>
    <property name="file.separator" value="\"/>
    <property name="java.version.date" value="2020-04-14"/>
    <property name="java.vendor.url.bug" value="https://bugreport.java.com/bugreport/"/>
    <property name="sun.io.unicode.encoding" value="UnicodeLittle"/>
    <property name="sun.cpu.endian" value="little"/>
    <property name="sun.cpu.isalist" value="amd64"/>
  </properties>
  <testcase classname="com.zwwhnly.mybatisaction.mapper.SysUserMapperTest" name="testSelectRolesByUserId" time="0.018"/>
  <testcase classname="com.zwwhnly.mybatisaction.mapper.SysUserMapperTest" name="testSelectByUser" time="0.037"/>
  <testcase classname="com.zwwhnly.mybatisaction.mapper.SysUserMapperTest" name="testSelectUserAndRoleByIdSelect" time="0.026"/>
  <testcase classname="com.zwwhnly.mybatisaction.mapper.SysUserMapperTest" name="testUpdateByMap" time="0.027"/>
  <testcase classname="com.zwwhnly.mybatisaction.mapper.SysUserMapperTest" name="testSelectUserAndRoleByIdResultMap" time="0.02"/>
  <testcase classname="com.zwwhnly.mybatisaction.mapper.SysUserMapperTest" name="testSelectAll" time="0.019"/>
  <testcase classname="com.zwwhnly.mybatisaction.mapper.SysUserMapperTest" name="testUpdateById" time="0.021"/>
  <testcase classname="com.zwwhnly.mybatisaction.mapper.SysUserMapperTest" name="testInsertUseGeneratedKeys" time="0.022"/>
  <testcase classname="com.zwwhnly.mybatisaction.mapper.SysUserMapperTest" name="testSelectByUserWhere" time="0.024"/>
  <testcase classname="com.zwwhnly.mybatisaction.mapper.SysUserMapperTest" name="testSelectUserById" time="0.037">
    <error message="
### Error querying database.  Cause: java.sql.SQLException: Parameter number 2 is not an OUT parameter
### The error may exist in com/zwwhnly/mybatisaction/mapper/SysUserMapper.xml
### The error may involve com.zwwhnly.mybatisaction.mapper.SysUserMapper.selectUserById
### The error occurred while executing a query
### SQL: {CALL select_user_by_id(           ?,           ?,           ?,           ?,           ?,           ?,           ?         )}
### Cause: java.sql.SQLException: Parameter number 2 is not an OUT parameter" type="org.apache.ibatis.exceptions.PersistenceException">org.apache.ibatis.exceptions.PersistenceException: 
### Error querying database.  Cause: java.sql.SQLException: Parameter number 2 is not an OUT parameter
### The error may exist in com/zwwhnly/mybatisaction/mapper/SysUserMapper.xml
### The error may involve com.zwwhnly.mybatisaction.mapper.SysUserMapper.selectUserById
### The error occurred while executing a query
### SQL: {CALL select_user_by_id(           ?,           ?,           ?,           ?,           ?,           ?,           ?         )}
### Cause: java.sql.SQLException: Parameter number 2 is not an OUT parameter
	at org.apache.ibatis.exceptions.ExceptionFactory.wrapException(ExceptionFactory.java:30)
	at org.apache.ibatis.session.defaults.DefaultSqlSession.selectList(DefaultSqlSession.java:149)
	at org.apache.ibatis.session.defaults.DefaultSqlSession.selectList(DefaultSqlSession.java:140)
	at org.apache.ibatis.session.defaults.DefaultSqlSession.selectOne(DefaultSqlSession.java:76)
	at org.apache.ibatis.binding.MapperMethod.execute(MapperMethod.java:87)
	at org.apache.ibatis.binding.MapperProxy$PlainMethodInvoker.invoke(MapperProxy.java:152)
	at org.apache.ibatis.binding.MapperProxy.invoke(MapperProxy.java:85)
	at com.sun.proxy.$Proxy22.selectUserById(Unknown Source)
	at com.zwwhnly.mybatisaction.mapper.SysUserMapperTest.testSelectUserById(SysUserMapperTest.java:593)
	at java.base/jdk.internal.reflect.NativeMethodAccessorImpl.invoke0(Native Method)
	at java.base/jdk.internal.reflect.NativeMethodAccessorImpl.invoke(NativeMethodAccessorImpl.java:62)
	at java.base/jdk.internal.reflect.DelegatingMethodAccessorImpl.invoke(DelegatingMethodAccessorImpl.java:43)
	at java.base/java.lang.reflect.Method.invoke(Method.java:564)
	at org.junit.runners.model.FrameworkMethod$1.runReflectiveCall(FrameworkMethod.java:50)
	at org.junit.internal.runners.model.ReflectiveCallable.run(ReflectiveCallable.java:12)
	at org.junit.runners.model.FrameworkMethod.invokeExplosively(FrameworkMethod.java:47)
	at org.junit.internal.runners.statements.InvokeMethod.evaluate(InvokeMethod.java:17)
	at org.junit.runners.ParentRunner.runLeaf(ParentRunner.java:325)
	at org.junit.runners.BlockJUnit4ClassRunner.runChild(BlockJUnit4ClassRunner.java:78)
	at org.junit.runners.BlockJUnit4ClassRunner.runChild(BlockJUnit4ClassRunner.java:57)
	at org.junit.runners.ParentRunner$3.run(ParentRunner.java:290)
	at org.junit.runners.ParentRunner$1.schedule(ParentRunner.java:71)
	at org.junit.runners.ParentRunner.runChildren(ParentRunner.java:288)
	at org.junit.runners.ParentRunner.access$000(ParentRunner.java:58)
	at org.junit.runners.ParentRunner$2.evaluate(ParentRunner.java:268)
	at org.junit.internal.runners.statements.RunBefores.evaluate(RunBefores.java:26)
	at org.junit.runners.ParentRunner.run(ParentRunner.java:363)
	at org.apache.maven.surefire.junit4.JUnit4Provider.execute(JUnit4Provider.java:252)
	at org.apache.maven.surefire.junit4.JUnit4Provider.executeTestSet(JUnit4Provider.java:141)
	at org.apache.maven.surefire.junit4.JUnit4Provider.invoke(JUnit4Provider.java:112)
	at java.base/jdk.internal.reflect.NativeMethodAccessorImpl.invoke0(Native Method)
	at java.base/jdk.internal.reflect.NativeMethodAccessorImpl.invoke(NativeMethodAccessorImpl.java:62)
	at java.base/jdk.internal.reflect.DelegatingMethodAccessorImpl.invoke(DelegatingMethodAccessorImpl.java:43)
	at java.base/java.lang.reflect.Method.invoke(Method.java:564)
	at org.apache.maven.surefire.util.ReflectionUtils.invokeMethodWithArray(ReflectionUtils.java:189)
	at org.apache.maven.surefire.booter.ProviderFactory$ProviderProxy.invoke(ProviderFactory.java:165)
	at org.apache.maven.surefire.booter.ProviderFactory.invokeProvider(ProviderFactory.java:85)
	at org.apache.maven.surefire.booter.ForkedBooter.runSuitesInProcess(ForkedBooter.java:115)
	at org.apache.maven.surefire.booter.ForkedBooter.main(ForkedBooter.java:75)
Caused by: java.sql.SQLException: Parameter number 2 is not an OUT parameter
	at com.mysql.cj.jdbc.exceptions.SQLError.createSQLException(SQLError.java:129)
	at com.mysql.cj.jdbc.exceptions.SQLError.createSQLException(SQLError.java:97)
	at com.mysql.cj.jdbc.exceptions.SQLError.createSQLException(SQLError.java:89)
	at com.mysql.cj.jdbc.exceptions.SQLError.createSQLException(SQLError.java:63)
	at com.mysql.cj.jdbc.CallableStatement.checkIsOutputParam(CallableStatement.java:643)
	at com.mysql.cj.jdbc.CallableStatement.registerOutParameter(CallableStatement.java:1714)
	at com.mysql.cj.jdbc.CallableStatement.registerOutParameter(CallableStatement.java:1722)
	at java.base/jdk.internal.reflect.NativeMethodAccessorImpl.invoke0(Native Method)
	at java.base/jdk.internal.reflect.NativeMethodAccessorImpl.invoke(NativeMethodAccessorImpl.java:62)
	at java.base/jdk.internal.reflect.DelegatingMethodAccessorImpl.invoke(DelegatingMethodAccessorImpl.java:43)
	at java.base/java.lang.reflect.Method.invoke(Method.java:564)
	at org.apache.ibatis.logging.jdbc.PreparedStatementLogger.invoke(PreparedStatementLogger.java:78)
	at com.sun.proxy.$Proxy24.registerOutParameter(Unknown Source)
	at org.apache.ibatis.executor.statement.CallableStatementHandler.registerOutputParameters(CallableStatementHandler.java:111)
	at org.apache.ibatis.executor.statement.CallableStatementHandler.parameterize(CallableStatementHandler.java:95)
	at org.apache.ibatis.executor.statement.RoutingStatementHandler.parameterize(RoutingStatementHandler.java:64)
	at org.apache.ibatis.executor.SimpleExecutor.prepareStatement(SimpleExecutor.java:88)
	at org.apache.ibatis.executor.SimpleExecutor.doQuery(SimpleExecutor.java:62)
	at org.apache.ibatis.executor.BaseExecutor.queryFromDatabase(BaseExecutor.java:325)
	at org.apache.ibatis.executor.BaseExecutor.query(BaseExecutor.java:156)
	at org.apache.ibatis.executor.CachingExecutor.query(CachingExecutor.java:109)
	at org.apache.ibatis.executor.CachingExecutor.query(CachingExecutor.java:89)
	at org.apache.ibatis.session.defaults.DefaultSqlSession.selectList(DefaultSqlSession.java:147)
	... 37 more
</error>
    <system-out>DEBUG [main] - ==&gt;  Preparing: {CALL select_user_by_id( ?, ?, ?, ?, ?, ?, ? )}
 </system-out>
  </testcase>
  <testcase classname="com.zwwhnly.mybatisaction.mapper.SysUserMapperTest" name="testSelectUserPage" time="0.035">
    <error message="
### Error querying database.  Cause: java.sql.SQLException: Parameter number 4 is not an OUT parameter
### The error may exist in com/zwwhnly/mybatisaction/mapper/SysUserMapper.xml
### The error may involve com.zwwhnly.mybatisaction.mapper.SysUserMapper.selectUserPage
### The error occurred while executing a query
### SQL: {CALL select_user_page(         ?,         ?,         ?,         ?         )}
### Cause: java.sql.SQLException: Parameter number 4 is not an OUT parameter" type="org.apache.ibatis.exceptions.PersistenceException">org.apache.ibatis.exceptions.PersistenceException: 
### Error querying database.  Cause: java.sql.SQLException: Parameter number 4 is not an OUT parameter
### The error may exist in com/zwwhnly/mybatisaction/mapper/SysUserMapper.xml
### The error may involve com.zwwhnly.mybatisaction.mapper.SysUserMapper.selectUserPage
### The error occurred while executing a query
### SQL: {CALL select_user_page(         ?,         ?,         ?,         ?         )}
### Cause: java.sql.SQLException: Parameter number 4 is not an OUT parameter
	at org.apache.ibatis.exceptions.ExceptionFactory.wrapException(ExceptionFactory.java:30)
	at org.apache.ibatis.session.defaults.DefaultSqlSession.selectList(DefaultSqlSession.java:149)
	at org.apache.ibatis.session.defaults.DefaultSqlSession.selectList(DefaultSqlSession.java:140)
	at org.apache.ibatis.binding.MapperMethod.executeForMany(MapperMethod.java:147)
	at org.apache.ibatis.binding.MapperMethod.execute(MapperMethod.java:80)
	at org.apache.ibatis.binding.MapperProxy$PlainMethodInvoker.invoke(MapperProxy.java:152)
	at org.apache.ibatis.binding.MapperProxy.invoke(MapperProxy.java:85)
	at com.sun.proxy.$Proxy22.selectUserPage(Unknown Source)
	at com.zwwhnly.mybatisaction.mapper.SysUserMapperTest.testSelectUserPage(SysUserMapperTest.java:614)
	at java.base/jdk.internal.reflect.NativeMethodAccessorImpl.invoke0(Native Method)
	at java.base/jdk.internal.reflect.NativeMethodAccessorImpl.invoke(NativeMethodAccessorImpl.java:62)
	at java.base/jdk.internal.reflect.DelegatingMethodAccessorImpl.invoke(DelegatingMethodAccessorImpl.java:43)
	at java.base/java.lang.reflect.Method.invoke(Method.java:564)
	at org.junit.runners.model.FrameworkMethod$1.runReflectiveCall(FrameworkMethod.java:50)
	at org.junit.internal.runners.model.ReflectiveCallable.run(ReflectiveCallable.java:12)
	at org.junit.runners.model.FrameworkMethod.invokeExplosively(FrameworkMethod.java:47)
	at org.junit.internal.runners.statements.InvokeMethod.evaluate(InvokeMethod.java:17)
	at org.junit.runners.ParentRunner.runLeaf(ParentRunner.java:325)
	at org.junit.runners.BlockJUnit4ClassRunner.runChild(BlockJUnit4ClassRunner.java:78)
	at org.junit.runners.BlockJUnit4ClassRunner.runChild(BlockJUnit4ClassRunner.java:57)
	at org.junit.runners.ParentRunner$3.run(ParentRunner.java:290)
	at org.junit.runners.ParentRunner$1.schedule(ParentRunner.java:71)
	at org.junit.runners.ParentRunner.runChildren(ParentRunner.java:288)
	at org.junit.runners.ParentRunner.access$000(ParentRunner.java:58)
	at org.junit.runners.ParentRunner$2.evaluate(ParentRunner.java:268)
	at org.junit.internal.runners.statements.RunBefores.evaluate(RunBefores.java:26)
	at org.junit.runners.ParentRunner.run(ParentRunner.java:363)
	at org.apache.maven.surefire.junit4.JUnit4Provider.execute(JUnit4Provider.java:252)
	at org.apache.maven.surefire.junit4.JUnit4Provider.executeTestSet(JUnit4Provider.java:141)
	at org.apache.maven.surefire.junit4.JUnit4Provider.invoke(JUnit4Provider.java:112)
	at java.base/jdk.internal.reflect.NativeMethodAccessorImpl.invoke0(Native Method)
	at java.base/jdk.internal.reflect.NativeMethodAccessorImpl.invoke(NativeMethodAccessorImpl.java:62)
	at java.base/jdk.internal.reflect.DelegatingMethodAccessorImpl.invoke(DelegatingMethodAccessorImpl.java:43)
	at java.base/java.lang.reflect.Method.invoke(Method.java:564)
	at org.apache.maven.surefire.util.ReflectionUtils.invokeMethodWithArray(ReflectionUtils.java:189)
	at org.apache.maven.surefire.booter.ProviderFactory$ProviderProxy.invoke(ProviderFactory.java:165)
	at org.apache.maven.surefire.booter.ProviderFactory.invokeProvider(ProviderFactory.java:85)
	at org.apache.maven.surefire.booter.ForkedBooter.runSuitesInProcess(ForkedBooter.java:115)
	at org.apache.maven.surefire.booter.ForkedBooter.main(ForkedBooter.java:75)
Caused by: java.sql.SQLException: Parameter number 4 is not an OUT parameter
	at com.mysql.cj.jdbc.exceptions.SQLError.createSQLException(SQLError.java:129)
	at com.mysql.cj.jdbc.exceptions.SQLError.createSQLException(SQLError.java:97)
	at com.mysql.cj.jdbc.exceptions.SQLError.createSQLException(SQLError.java:89)
	at com.mysql.cj.jdbc.exceptions.SQLError.createSQLException(SQLError.java:63)
	at com.mysql.cj.jdbc.CallableStatement.checkIsOutputParam(CallableStatement.java:643)
	at com.mysql.cj.jdbc.CallableStatement.registerOutParameter(CallableStatement.java:1714)
	at com.mysql.cj.jdbc.CallableStatement.registerOutParameter(CallableStatement.java:1722)
	at java.base/jdk.internal.reflect.NativeMethodAccessorImpl.invoke0(Native Method)
	at java.base/jdk.internal.reflect.NativeMethodAccessorImpl.invoke(NativeMethodAccessorImpl.java:62)
	at java.base/jdk.internal.reflect.DelegatingMethodAccessorImpl.invoke(DelegatingMethodAccessorImpl.java:43)
	at java.base/java.lang.reflect.Method.invoke(Method.java:564)
	at org.apache.ibatis.logging.jdbc.PreparedStatementLogger.invoke(PreparedStatementLogger.java:78)
	at com.sun.proxy.$Proxy24.registerOutParameter(Unknown Source)
	at org.apache.ibatis.executor.statement.CallableStatementHandler.registerOutputParameters(CallableStatementHandler.java:111)
	at org.apache.ibatis.executor.statement.CallableStatementHandler.parameterize(CallableStatementHandler.java:95)
	at org.apache.ibatis.executor.statement.RoutingStatementHandler.parameterize(RoutingStatementHandler.java:64)
	at org.apache.ibatis.executor.SimpleExecutor.prepareStatement(SimpleExecutor.java:88)
	at org.apache.ibatis.executor.SimpleExecutor.doQuery(SimpleExecutor.java:62)
	at org.apache.ibatis.executor.BaseExecutor.queryFromDatabase(BaseExecutor.java:325)
	at org.apache.ibatis.executor.BaseExecutor.query(BaseExecutor.java:156)
	at org.apache.ibatis.executor.CachingExecutor.query(CachingExecutor.java:109)
	at org.apache.ibatis.executor.CachingExecutor.query(CachingExecutor.java:89)
	at org.apache.ibatis.session.defaults.DefaultSqlSession.selectList(DefaultSqlSession.java:147)
	... 37 more
</error>
    <system-out>DEBUG [main] - ==&gt;  Preparing: {CALL select_user_page( ?, ?, ?, ? )}
 </system-out>
  </testcase>
  <testcase classname="com.zwwhnly.mybatisaction.mapper.SysUserMapperTest" name="testSelectRolesByUserIdAndRoleEnabled" time="0.026"/>
  <testcase classname="com.zwwhnly.mybatisaction.mapper.SysUserMapperTest" name="testInsertList" time="0.028"/>
  <testcase classname="com.zwwhnly.mybatisaction.mapper.SysUserMapperTest" name="testSelectAllUserAndRolesSelect" time="0.03"/>
  <testcase classname="com.zwwhnly.mybatisaction.mapper.SysUserMapperTest" name="testInsertSelective" time="0.021"/>
  <testcase classname="com.zwwhnly.mybatisaction.mapper.SysUserMapperTest" name="testUpdateByIdSelectiveSet" time="0.022"/>
  <testcase classname="com.zwwhnly.mybatisaction.mapper.SysUserMapperTest" name="testSelectAllUserAndRoles" time="0.023"/>
  <testcase classname="com.zwwhnly.mybatisaction.mapper.SysUserMapperTest" name="testSelectRolesByUserAndRole" time="0.02"/>
  <testcase classname="com.zwwhnly.mybatisaction.mapper.SysUserMapperTest" name="testSelectByIdList" time="0.022"/>
  <testcase classname="com.zwwhnly.mybatisaction.mapper.SysUserMapperTest" name="testInsertUseSelectKey" time="0.021"/>
  <testcase classname="com.zwwhnly.mybatisaction.mapper.SysUserMapperTest" name="testSelectByIdOrUserName" time="0.018"/>
  <testcase classname="com.zwwhnly.mybatisaction.mapper.SysUserMapperTest" name="testDeleteById" time="0.025"/>
  <testcase classname="com.zwwhnly.mybatisaction.mapper.SysUserMapperTest" name="testSelectUserAndRoleById" time="0.018"/>
  <testcase classname="com.zwwhnly.mybatisaction.mapper.SysUserMapperTest" name="testInsert" time="0.018"/>
  <testcase classname="com.zwwhnly.mybatisaction.mapper.SysUserMapperTest" name="testSelectById" time="0.015"/>
  <testcase classname="com.zwwhnly.mybatisaction.mapper.SysUserMapperTest" name="testSelectByIdArray" time="0.016"/>
  <testcase classname="com.zwwhnly.mybatisaction.mapper.SysUserMapperTest" name="testInsertAndDelete" time="0.022">
    <error message="
### Error updating database.  Cause: java.sql.SQLException: Parameter number 1 is not an OUT parameter
### The error may exist in com/zwwhnly/mybatisaction/mapper/SysUserMapper.xml
### The error may involve com.zwwhnly.mybatisaction.mapper.SysUserMapper.insertUserAndRoles
### The error occurred while executing an update
### SQL: {CALL insert_user_and_roles(           ?,           ?,           ?,           ?,           ?,           ?,           ?,           ?         )}
### Cause: java.sql.SQLException: Parameter number 1 is not an OUT parameter" type="org.apache.ibatis.exceptions.PersistenceException">org.apache.ibatis.exceptions.PersistenceException: 
### Error updating database.  Cause: java.sql.SQLException: Parameter number 1 is not an OUT parameter
### The error may exist in com/zwwhnly/mybatisaction/mapper/SysUserMapper.xml
### The error may involve com.zwwhnly.mybatisaction.mapper.SysUserMapper.insertUserAndRoles
### The error occurred while executing an update
### SQL: {CALL insert_user_and_roles(           ?,           ?,           ?,           ?,           ?,           ?,           ?,           ?         )}
### Cause: java.sql.SQLException: Parameter number 1 is not an OUT parameter
	at org.apache.ibatis.exceptions.ExceptionFactory.wrapException(ExceptionFactory.java:30)
	at org.apache.ibatis.session.defaults.DefaultSqlSession.update(DefaultSqlSession.java:199)
	at org.apache.ibatis.session.defaults.DefaultSqlSession.insert(DefaultSqlSession.java:184)
	at org.apache.ibatis.binding.MapperMethod.execute(MapperMethod.java:62)
	at org.apache.ibatis.binding.MapperProxy$PlainMethodInvoker.invoke(MapperProxy.java:152)
	at org.apache.ibatis.binding.MapperProxy.invoke(MapperProxy.java:85)
	at com.sun.proxy.$Proxy22.insertUserAndRoles(Unknown Source)
	at com.zwwhnly.mybatisaction.mapper.SysUserMapperTest.testInsertAndDelete(SysUserMapperTest.java:638)
	at java.base/jdk.internal.reflect.NativeMethodAccessorImpl.invoke0(Native Method)
	at java.base/jdk.internal.reflect.NativeMethodAccessorImpl.invoke(NativeMethodAccessorImpl.java:62)
	at java.base/jdk.internal.reflect.DelegatingMethodAccessorImpl.invoke(DelegatingMethodAccessorImpl.java:43)
	at java.base/java.lang.reflect.Method.invoke(Method.java:564)
	at org.junit.runners.model.FrameworkMethod$1.runReflectiveCall(FrameworkMethod.java:50)
	at org.junit.internal.runners.model.ReflectiveCallable.run(ReflectiveCallable.java:12)
	at org.junit.runners.model.FrameworkMethod.invokeExplosively(FrameworkMethod.java:47)
	at org.junit.internal.runners.statements.InvokeMethod.evaluate(InvokeMethod.java:17)
	at org.junit.runners.ParentRunner.runLeaf(ParentRunner.java:325)
	at org.junit.runners.BlockJUnit4ClassRunner.runChild(BlockJUnit4ClassRunner.java:78)
	at org.junit.runners.BlockJUnit4ClassRunner.runChild(BlockJUnit4ClassRunner.java:57)
	at org.junit.runners.ParentRunner$3.run(ParentRunner.java:290)
	at org.junit.runners.ParentRunner$1.schedule(ParentRunner.java:71)
	at org.junit.runners.ParentRunner.runChildren(ParentRunner.java:288)
	at org.junit.runners.ParentRunner.access$000(ParentRunner.java:58)
	at org.junit.runners.ParentRunner$2.evaluate(ParentRunner.java:268)
	at org.junit.internal.runners.statements.RunBefores.evaluate(RunBefores.java:26)
	at org.junit.runners.ParentRunner.run(ParentRunner.java:363)
	at org.apache.maven.surefire.junit4.JUnit4Provider.execute(JUnit4Provider.java:252)
	at org.apache.maven.surefire.junit4.JUnit4Provider.executeTestSet(JUnit4Provider.java:141)
	at org.apache.maven.surefire.junit4.JUnit4Provider.invoke(JUnit4Provider.java:112)
	at java.base/jdk.internal.reflect.NativeMethodAccessorImpl.invoke0(Native Method)
	at java.base/jdk.internal.reflect.NativeMethodAccessorImpl.invoke(NativeMethodAccessorImpl.java:62)
	at java.base/jdk.internal.reflect.DelegatingMethodAccessorImpl.invoke(DelegatingMethodAccessorImpl.java:43)
	at java.base/java.lang.reflect.Method.invoke(Method.java:564)
	at org.apache.maven.surefire.util.ReflectionUtils.invokeMethodWithArray(ReflectionUtils.java:189)
	at org.apache.maven.surefire.booter.ProviderFactory$ProviderProxy.invoke(ProviderFactory.java:165)
	at org.apache.maven.surefire.booter.ProviderFactory.invokeProvider(ProviderFactory.java:85)
	at org.apache.maven.surefire.booter.ForkedBooter.runSuitesInProcess(ForkedBooter.java:115)
	at org.apache.maven.surefire.booter.ForkedBooter.main(ForkedBooter.java:75)
Caused by: java.sql.SQLException: Parameter number 1 is not an OUT parameter
	at com.mysql.cj.jdbc.exceptions.SQLError.createSQLException(SQLError.java:129)
	at com.mysql.cj.jdbc.exceptions.SQLError.createSQLException(SQLError.java:97)
	at com.mysql.cj.jdbc.exceptions.SQLError.createSQLException(SQLError.java:89)
	at com.mysql.cj.jdbc.exceptions.SQLError.createSQLException(SQLError.java:63)
	at com.mysql.cj.jdbc.CallableStatement.checkIsOutputParam(CallableStatement.java:643)
	at com.mysql.cj.jdbc.CallableStatement.registerOutParameter(CallableStatement.java:1714)
	at com.mysql.cj.jdbc.CallableStatement.registerOutParameter(CallableStatement.java:1722)
	at java.base/jdk.internal.reflect.NativeMethodAccessorImpl.invoke0(Native Method)
	at java.base/jdk.internal.reflect.NativeMethodAccessorImpl.invoke(NativeMethodAccessorImpl.java:62)
	at java.base/jdk.internal.reflect.DelegatingMethodAccessorImpl.invoke(DelegatingMethodAccessorImpl.java:43)
	at java.base/java.lang.reflect.Method.invoke(Method.java:564)
	at org.apache.ibatis.logging.jdbc.PreparedStatementLogger.invoke(PreparedStatementLogger.java:78)
	at com.sun.proxy.$Proxy24.registerOutParameter(Unknown Source)
	at org.apache.ibatis.executor.statement.CallableStatementHandler.registerOutputParameters(CallableStatementHandler.java:111)
	at org.apache.ibatis.executor.statement.CallableStatementHandler.parameterize(CallableStatementHandler.java:95)
	at org.apache.ibatis.executor.statement.RoutingStatementHandler.parameterize(RoutingStatementHandler.java:64)
	at org.apache.ibatis.executor.SimpleExecutor.prepareStatement(SimpleExecutor.java:88)
	at org.apache.ibatis.executor.SimpleExecutor.doUpdate(SimpleExecutor.java:49)
	at org.apache.ibatis.executor.BaseExecutor.update(BaseExecutor.java:117)
	at org.apache.ibatis.executor.CachingExecutor.update(CachingExecutor.java:76)
	at org.apache.ibatis.session.defaults.DefaultSqlSession.update(DefaultSqlSession.java:197)
	... 36 more
</error>
    <system-out>DEBUG [main] - ==&gt;  Preparing: {CALL insert_user_and_roles( ?, ?, ?, ?, ?, ?, ?, ? )}
 </system-out>
  </testcase>
  <testcase classname="com.zwwhnly.mybatisaction.mapper.SysUserMapperTest" name="testUpdateByIdSelective" time="0.018"/>
</testsuite>