<?xml version="1.0" encoding="UTF-8" ?>
<testsuite tests="28" failures="0" name="com.zwwhnly.mybatisaction.mapper.SysUserMapperTest" time="0.649" errors="3" skipped="0">
  <properties>
[...]
</properties>
  <testcase classname="com.zwwhnly.mybatisaction.mapper.SysUserMapperTest" name="testSelectRolesByUserId" time="0.018"/>
  <testcase classname="com.zwwhnly.mybatisaction.mapper.SysUserMapperTest" name="testSelectByUser" time="0.037"/>
  <testcase classname="com.zwwhnly.mybatisaction.mapper.SysUserMapperTest" name="testSelectUserAndRoleByIdSelect" time="0.026"/>
  <testcase classname="com.zwwhnly.mybatisaction.mapper.SysUserMapperTest" name="testUpdateByMap" time="0.027"/>
  <testcase classname="com.zwwhnly.mybatisaction.mapper.SysUserMapperTest" name="testSelectUserAndRoleByIdResultMap" time="0.02"/>
  <testcase classname="com.zwwhnly.mybatisaction.mapper.SysUserMapperTest" name="testSelectAll" time="0.019"/>
  <testcase classname="com.zwwhnly.mybatisaction.mapper.SysUserMapperTest" name="testUpdateById" time="0.021"/>
  <testcase classname="com.zwwhnly.mybatisaction.mapper.SysUserMapperTest" name="testInsertUseGeneratedKeys" time="0.022"/>
  <testcase classname="com.zwwhnly.mybatisaction.mapper.SysUserMapperTest" name="testSelectByUserWhere" time="0.024"/>
  <testcase classname="com.zwwhnly.mybatisaction.mapper.SysUserMapperTest" name="testSelectUserById" time="0.037">
    <error message="
### Error querying database.  Cause: java.sql.SQLException: Parameter number 2 is not an OUT parameter
### The error may exist in com/zwwhnly/mybatisaction/mapper/SysUserMapper.xml
### The error may involve com.zwwhnly.mybatisaction.mapper.SysUserMapper.selectUserById
### The error occurred while executing a query
### SQL: {CALL select_user_by_id(           ?,           ?,           ?,           ?,           ?,           ?,           ?         )}
### Cause: java.sql.SQLException: Parameter number 2 is not an OUT parameter" type="org.apache.ibatis.exceptions.PersistenceException">org.apache.ibatis.exceptions.PersistenceException: 
### Error querying database.  Cause: java.sql.SQLException: Parameter number 2 is not an OUT parameter
### The error may exist in com/zwwhnly/mybatisaction/mapper/SysUserMapper.xml
### The error may involve com.zwwhnly.mybatisaction.mapper.SysUserMapper.selectUserById
### The error occurred while executing a query
### SQL: {CALL select_user_by_id(           ?,           ?,           ?,           ?,           ?,           ?,           ?         )}
### Cause: java.sql.SQLException: Parameter number 2 is not an OUT parameter
	at org.apache.ibatis.exceptions.ExceptionFactory.wrapException(ExceptionFactory.java:30)
	at org.apache.ibatis.session.defaults.DefaultSqlSession.selectList(DefaultSqlSession.java:149)
	at org.apache.ibatis.session.defaults.DefaultSqlSession.selectList(DefaultSqlSession.java:140)
	at org.apache.ibatis.session.defaults.DefaultSqlSession.selectOne(DefaultSqlSession.java:76)
	at org.apache.ibatis.binding.MapperMethod.execute(MapperMethod.java:87)
	at org.apache.ibatis.binding.MapperProxy$PlainMethodInvoker.invoke(MapperProxy.java:152)
	at org.apache.ibatis.binding.MapperProxy.invoke(MapperProxy.java:85)
	at com.sun.proxy.$Proxy22.selectUserById(Unknown Source)
	at com.zwwhnly.mybatisaction.mapper.SysUserMapperTest.testSelectUserById(SysUserMapperTest.java:593)
	at java.base/jdk.internal.reflect.NativeMethodAccessorImpl.invoke0(Native Method)
	at java.base/jdk.internal.reflect.NativeMethodAccessorImpl.invoke(NativeMethodAccessorImpl.java:62)
	at java.base/jdk.internal.reflect.DelegatingMethodAccessorImpl.invoke(DelegatingMethodAccessorImpl.java:43)
	at java.base/java.lang.reflect.Method.invoke(Method.java:564)
	at org.junit.runners.model.FrameworkMethod$1.runReflectiveCall(FrameworkMethod.java:50)
	at org.junit.internal.runners.model.ReflectiveCallable.run(ReflectiveCallable.java:12)
	at org.junit.runners.model.FrameworkMethod.invokeExplosively(FrameworkMethod.java:47)
	at org.junit.internal.runners.statements.InvokeMethod.evaluate(InvokeMethod.java:17)
	at org.junit.runners.ParentRunner.runLeaf(ParentRunner.java:325)
	at org.junit.runners.BlockJUnit4ClassRunner.runChild(BlockJUnit4ClassRunner.java:78)
	at org.junit.runners.BlockJUnit4ClassRunner.runChild(BlockJUnit4ClassRunner.java:57)
	at org.junit.runners.ParentRunner$3.run(ParentRunner.java:290)
	at org.junit.runners.ParentRunner$1.schedule(ParentRunner.java:71)
	at org.junit.runners.ParentRunner.runChildren(ParentRunner.java:288)
	at org.junit.runners.ParentRunner.access$000(ParentRunner.java:58)
	at org.junit.runners.ParentRunner$2.evaluate(ParentRunner.java:268)
	at org.junit.internal.runners.statements.RunBefores.evaluate(RunBefores.java:26)
	at org.junit.runners.ParentRunner.run(ParentRunner.java:363)
	at org.apache.maven.surefire.junit4.JUnit4Provider.execute(JUnit4Provider.java:252)
	at org.apache.maven.surefire.junit4.JUnit4Provider.executeTestSet(JUnit4Provider.java:141)
	at org.apache.maven.surefire.junit4.JUnit4Provider.invoke(JUnit4Provider.java:112)
	at java.base/jdk.internal.reflect.NativeMethodAccessorImpl.invoke0(Native Method)
	at java.base/jdk.internal.reflect.NativeMethodAccessorImpl.invoke(NativeMethodAccessorImpl.java:62)
	at java.base/jdk.internal.reflect.DelegatingMethodAccessorImpl.invoke(DelegatingMethodAccessorImpl.java:43)
	at java.base/java.lang.reflect.Method.invoke(Method.java:564)
	at org.apache.maven.surefire.util.ReflectionUtils.invokeMethodWithArray(ReflectionUtils.java:189)
	at org.apache.maven.surefire.booter.ProviderFactory$ProviderProxy.invoke(ProviderFactory.java:165)
	at org.apache.maven.surefire.booter.ProviderFactory.invokeProvider(ProviderFactory.java:85)
	at org.apache.maven.surefire.booter.ForkedBooter.runSuitesInProcess(ForkedBooter.java:115)
	at org.apache.maven.surefire.booter.ForkedBooter.main(ForkedBooter.java:75)
Caused by: java.sql.SQLException: Parameter number 2 is not an OUT parameter
	at com.mysql.cj.jdbc.exceptions.SQLError.createSQLException(SQLError.java:129)
	at com.mysql.cj.jdbc.exceptions.SQLError.createSQLException(SQLError.java:97)
	at com.mysql.cj.jdbc.exceptions.SQLError.createSQLException(SQLError.java:89)
	at com.mysql.cj.jdbc.exceptions.SQLError.createSQLException(SQLError.java:63)
	at com.mysql.cj.jdbc.CallableStatement.checkIsOutputParam(CallableStatement.java:643)
	at com.mysql.cj.jdbc.CallableStatement.registerOutParameter(CallableStatement.java:1714)
	at com.mysql.cj.jdbc.CallableStatement.registerOutParameter(CallableStatement.java:1722)
	at java.base/jdk.internal.reflect.NativeMethodAccessorImpl.invoke0(Native Method)
	at java.base/jdk.internal.reflect.NativeMethodAccessorImpl.invoke(NativeMethodAccessorImpl.java:62)
	at java.base/jdk.internal.reflect.DelegatingMethodAccessorImpl.invoke(DelegatingMethodAccessorImpl.java:43)
	at java.base/java.lang.reflect.Method.invoke(Method.java:564)
	at org.apache.ibatis.logging.jdbc.PreparedStatementLogger.invoke(PreparedStatementLogger.java:78)
	at com.sun.proxy.$Proxy24.registerOutParameter(Unknown Source)
	at org.apache.ibatis.executor.statement.CallableStatementHandler.registerOutputParameters(CallableStatementHandler.java:111)
	at org.apache.ibatis.executor.statement.CallableStatementHandler.parameterize(CallableStatementHandler.java:95)
	at org.apache.ibatis.executor.statement.RoutingStatementHandler.parameterize(RoutingStatementHandler.java:64)
	at org.apache.ibatis.executor.SimpleExecutor.prepareStatement(SimpleExecutor.java:88)
	at org.apache.ibatis.executor.SimpleExecutor.doQuery(SimpleExecutor.java:62)
	at org.apache.ibatis.executor.BaseExecutor.queryFromDatabase(BaseExecutor.java:325)
	at org.apache.ibatis.executor.BaseExecutor.query(BaseExecutor.java:156)
	at org.apache.ibatis.executor.CachingExecutor.query(CachingExecutor.java:109)
	at org.apache.ibatis.executor.CachingExecutor.query(CachingExecutor.java:89)
	at org.apache.ibatis.session.defaults.DefaultSqlSession.selectList(DefaultSqlSession.java:147)
	... 37 more
</error>
    <system-out>DEBUG [main] - ==&gt;  Preparing: {CALL select_user_by_id( ?, ?, ?, ?, ?, ?, ? )}
 </system-out>
  </testcase>
  <testcase classname="com.zwwhnly.mybatisaction.mapper.SysUserMapperTest" name="testSelectUserPage" time="0.035">
    <error message="
### Error querying database.  Cause: java.sql.SQLException: Parameter number 4 is not an OUT parameter
### The error may exist in com/zwwhnly/mybatisaction/mapper/SysUserMapper.xml
### The error may involve com.zwwhnly.mybatisaction.mapper.SysUserMapper.selectUserPage
### The error occurred while executing a query
### SQL: {CALL select_user_page(         ?,         ?,         ?,         ?         )}
### Cause: java.sql.SQLException: Parameter number 4 is not an OUT parameter" type="org.apache.ibatis.exceptions.PersistenceException">org.apache.ibatis.exceptions.PersistenceException: 
### Error querying database.  Cause: java.sql.SQLException: Parameter number 4 is not an OUT parameter
### The error may exist in com/zwwhnly/mybatisaction/mapper/SysUserMapper.xml
### The error may involve com.zwwhnly.mybatisaction.mapper.SysUserMapper.selectUserPage
### The error occurred while executing a query
### SQL: {CALL select_user_page(         ?,         ?,         ?,         ?         )}
### Cause: java.sql.SQLException: Parameter number 4 is not an OUT parameter
	at org.apache.ibatis.exceptions.ExceptionFactory.wrapException(ExceptionFactory.java:30)
	at org.apache.ibatis.session.defaults.DefaultSqlSession.selectList(DefaultSqlSession.java:149)
	at org.apache.ibatis.session.defaults.DefaultSqlSession.selectList(DefaultSqlSession.java:140)
	at org.apache.ibatis.binding.MapperMethod.executeForMany(MapperMethod.java:147)
	at org.apache.ibatis.binding.MapperMethod.execute(MapperMethod.java:80)
	at org.apache.ibatis.binding.MapperProxy$PlainMethodInvoker.invoke(MapperProxy.java:152)
	at org.apache.ibatis.binding.MapperProxy.invoke(MapperProxy.java:85)
	at com.sun.proxy.$Proxy22.selectUserPage(Unknown Source)
	at com.zwwhnly.mybatisaction.mapper.SysUserMapperTest.testSelectUserPage(SysUserMapperTest.java:614)
	at java.base/jdk.internal.reflect.NativeMethodAccessorImpl.invoke0(Native Method)
	at java.base/jdk.internal.reflect.NativeMethodAccessorImpl.invoke(NativeMethodAccessorImpl.java:62)
	at java.base/jdk.internal.reflect.DelegatingMethodAccessorImpl.invoke(DelegatingMethodAccessorImpl.java:43)
	at java.base/java.lang.reflect.Method.invoke(Method.java:564)
	at org.junit.runners.model.FrameworkMethod$1.runReflectiveCall(FrameworkMethod.java:50)
	at org.junit.internal.runners.model.ReflectiveCallable.run(ReflectiveCallable.java:12)
	at org.junit.runners.model.FrameworkMethod.invokeExplosively(FrameworkMethod.java:47)
	at org.junit.internal.runners.statements.InvokeMethod.evaluate(InvokeMethod.java:17)
	at org.junit.runners.ParentRunner.runLeaf(ParentRunner.java:325)
	at org.junit.runners.BlockJUnit4ClassRunner.runChild(BlockJUnit4ClassRunner.java:78)
	at org.junit.runners.BlockJUnit4ClassRunner.runChild(BlockJUnit4ClassRunner.java:57)
	at org.junit.runners.ParentRunner$3.run(ParentRunner.java:290)
	at org.junit.runners.ParentRunner$1.schedule(ParentRunner.java:71)
	at org.junit.runners.ParentRunner.runChildren(ParentRunner.java:288)
	at org.junit.runners.ParentRunner.access$000(ParentRunner.java:58)
	at org.junit.runners.ParentRunner$2.evaluate(ParentRunner.java:268)
	at org.junit.internal.runners.statements.RunBefores.evaluate(RunBefores.java:26)
	at org.junit.runners.ParentRunner.run(ParentRunner.java:363)
	at org.apache.maven.surefire.junit4.JUnit4Provider.execute(JUnit4Provider.java:252)
	at org.apache.maven.surefire.junit4.JUnit4Provider.executeTestSet(JUnit4Provider.java:141)
	at org.apache.maven.surefire.junit4.JUnit4Provider.invoke(JUnit4Provider.java:112)
	at java.base/jdk.internal.reflect.NativeMethodAccessorImpl.invoke0(Native Method)
	at java.base/jdk.internal.reflect.NativeMethodAccessorImpl.invoke(NativeMethodAccessorImpl.java:62)
	at java.base/jdk.internal.reflect.DelegatingMethodAccessorImpl.invoke(DelegatingMethodAccessorImpl.java:43)
	at java.base/java.lang.reflect.Method.invoke(Method.java:564)
	at org.apache.maven.surefire.util.ReflectionUtils.invokeMethodWithArray(ReflectionUtils.java:189)
	at org.apache.maven.surefire.booter.ProviderFactory$ProviderProxy.invoke(ProviderFactory.java:165)
	at org.apache.maven.surefire.booter.ProviderFactory.invokeProvider(ProviderFactory.java:85)
	at org.apache.maven.surefire.booter.ForkedBooter.runSuitesInProcess(ForkedBooter.java:115)
	at org.apache.maven.surefire.booter.ForkedBooter.main(ForkedBooter.java:75)
Caused by: java.sql.SQLException: Parameter number 4 is not an OUT parameter
	at com.mysql.cj.jdbc.exceptions.SQLError.createSQLException(SQLError.java:129)
	at com.mysql.cj.jdbc.exceptions.SQLError.createSQLException(SQLError.java:97)
	at com.mysql.cj.jdbc.exceptions.SQLError.createSQLException(SQLError.java:89)
	at com.mysql.cj.jdbc.exceptions.SQLError.createSQLException(SQLError.java:63)
	at com.mysql.cj.jdbc.CallableStatement.checkIsOutputParam(CallableStatement.java:643)
	at com.mysql.cj.jdbc.CallableStatement.registerOutParameter(CallableStatement.java:1714)
	at com.mysql.cj.jdbc.CallableStatement.registerOutParameter(CallableStatement.java:1722)
	at java.base/jdk.internal.reflect.NativeMethodAccessorImpl.invoke0(Native Method)
	at java.base/jdk.internal.reflect.NativeMethodAccessorImpl.invoke(NativeMethodAccessorImpl.java:62)
	at java.base/jdk.internal.reflect.DelegatingMethodAccessorImpl.invoke(DelegatingMethodAccessorImpl.java:43)
	at java.base/java.lang.reflect.Method.invoke(Method.java:564)
	at org.apache.ibatis.logging.jdbc.PreparedStatementLogger.invoke(PreparedStatementLogger.java:78)
	at com.sun.proxy.$Proxy24.registerOutParameter(Unknown Source)
	at org.apache.ibatis.executor.statement.CallableStatementHandler.registerOutputParameters(CallableStatementHandler.java:111)
	at org.apache.ibatis.executor.statement.CallableStatementHandler.parameterize(CallableStatementHandler.java:95)
	at org.apache.ibatis.executor.statement.RoutingStatementHandler.parameterize(RoutingStatementHandler.java:64)
	at org.apache.ibatis.executor.SimpleExecutor.prepareStatement(SimpleExecutor.java:88)
	at org.apache.ibatis.executor.SimpleExecutor.doQuery(SimpleExecutor.java:62)
	at org.apache.ibatis.executor.BaseExecutor.queryFromDatabase(BaseExecutor.java:325)
	at org.apache.ibatis.executor.BaseExecutor.query(BaseExecutor.java:156)
	at org.apache.ibatis.executor.CachingExecutor.query(CachingExecutor.java:109)
	at org.apache.ibatis.executor.CachingExecutor.query(CachingExecutor.java:89)
	at org.apache.ibatis.session.defaults.DefaultSqlSession.selectList(DefaultSqlSession.java:147)
	... 37 more
</error>
    <system-out>DEBUG [main] - ==&gt;  Preparing: {CALL select_user_page( ?, ?, ?, ? )}
 </system-out>
  </testcase>
  <testcase classname="com.zwwhnly.mybatisaction.mapper.SysUserMapperTest" name="testSelectRolesByUserIdAndRoleEnabled" time="0.026"/>
  <testcase classname="com.zwwhnly.mybatisaction.mapper.SysUserMapperTest" name="testInsertList" time="0.028"/>
  <testcase classname="com.zwwhnly.mybatisaction.mapper.SysUserMapperTest" name="testSelectAllUserAndRolesSelect" time="0.03"/>
  <testcase classname="com.zwwhnly.mybatisaction.mapper.SysUserMapperTest" name="testInsertSelective" time="0.021"/>
  <testcase classname="com.zwwhnly.mybatisaction.mapper.SysUserMapperTest" name="testUpdateByIdSelectiveSet" time="0.022"/>
  <testcase classname="com.zwwhnly.mybatisaction.mapper.SysUserMapperTest" name="testSelectAllUserAndRoles" time="0.023"/>
  <testcase classname="com.zwwhnly.mybatisaction.mapper.SysUserMapperTest" name="testSelectRolesByUserAndRole" time="0.02"/>
  <testcase classname="com.zwwhnly.mybatisaction.mapper.SysUserMapperTest" name="testSelectByIdList" time="0.022"/>
  <testcase classname="com.zwwhnly.mybatisaction.mapper.SysUserMapperTest" name="testInsertUseSelectKey" time="0.021"/>
  <testcase classname="com.zwwhnly.mybatisaction.mapper.SysUserMapperTest" name="testSelectByIdOrUserName" time="0.018"/>
  <testcase classname="com.zwwhnly.mybatisaction.mapper.SysUserMapperTest" name="testDeleteById" time="0.025"/>
  <testcase classname="com.zwwhnly.mybatisaction.mapper.SysUserMapperTest" name="testSelectUserAndRoleById" time="0.018"/>
  <testcase classname="com.zwwhnly.mybatisaction.mapper.SysUserMapperTest" name="testInsert" time="0.018"/>
  <testcase classname="com.zwwhnly.mybatisaction.mapper.SysUserMapperTest" name="testSelectById" time="0.015"/>
  <testcase classname="com.zwwhnly.mybatisaction.mapper.SysUserMapperTest" name="testSelectByIdArray" time="0.016"/>
  <testcase classname="com.zwwhnly.mybatisaction.mapper.SysUserMapperTest" name="testInsertAndDelete" time="0.022">
    <error message="
### Error updating database.  Cause: java.sql.SQLException: Parameter number 1 is not an OUT parameter
### The error may exist in com/zwwhnly/mybatisaction/mapper/SysUserMapper.xml
### The error may involve com.zwwhnly.mybatisaction.mapper.SysUserMapper.insertUserAndRoles
### The error occurred while executing an update
### SQL: {CALL insert_user_and_roles(           ?,           ?,           ?,           ?,           ?,           ?,           ?,           ?         )}
### Cause: java.sql.SQLException: Parameter number 1 is not an OUT parameter" type="org.apache.ibatis.exceptions.PersistenceException">org.apache.ibatis.exceptions.PersistenceException: 
### Error updating database.  Cause: java.sql.SQLException: Parameter number 1 is not an OUT parameter
### The error may exist in com/zwwhnly/mybatisaction/mapper/SysUserMapper.xml
### The error may involve com.zwwhnly.mybatisaction.mapper.SysUserMapper.insertUserAndRoles
### The error occurred while executing an update
### SQL: {CALL insert_user_and_roles(           ?,           ?,           ?,           ?,           ?,           ?,           ?,           ?         )}
### Cause: java.sql.SQLException: Parameter number 1 is not an OUT parameter
	at org.apache.ibatis.exceptions.ExceptionFactory.wrapException(ExceptionFactory.java:30)
	at org.apache.ibatis.session.defaults.DefaultSqlSession.update(DefaultSqlSession.java:199)
	at org.apache.ibatis.session.defaults.DefaultSqlSession.insert(DefaultSqlSession.java:184)
	at org.apache.ibatis.binding.MapperMethod.execute(MapperMethod.java:62)
	at org.apache.ibatis.binding.MapperProxy$PlainMethodInvoker.invoke(MapperProxy.java:152)
	at org.apache.ibatis.binding.MapperProxy.invoke(MapperProxy.java:85)
	at com.sun.proxy.$Proxy22.insertUserAndRoles(Unknown Source)
	at com.zwwhnly.mybatisaction.mapper.SysUserMapperTest.testInsertAndDelete(SysUserMapperTest.java:638)
	at java.base/jdk.internal.reflect.NativeMethodAccessorImpl.invoke0(Native Method)
	at java.base/jdk.internal.reflect.NativeMethodAccessorImpl.invoke(NativeMethodAccessorImpl.java:62)
	at java.base/jdk.internal.reflect.DelegatingMethodAccessorImpl.invoke(DelegatingMethodAccessorImpl.java:43)
	at java.base/java.lang.reflect.Method.invoke(Method.java:564)
	at org.junit.runners.model.FrameworkMethod$1.runReflectiveCall(FrameworkMethod.java:50)
	at org.junit.internal.runners.model.ReflectiveCallable.run(ReflectiveCallable.java:12)
	at org.junit.runners.model.FrameworkMethod.invokeExplosively(FrameworkMethod.java:47)
	at org.junit.internal.runners.statements.InvokeMethod.evaluate(InvokeMethod.java:17)
	at org.junit.runners.ParentRunner.runLeaf(ParentRunner.java:325)
	at org.junit.runners.BlockJUnit4ClassRunner.runChild(BlockJUnit4ClassRunner.java:78)
	at org.junit.runners.BlockJUnit4ClassRunner.runChild(BlockJUnit4ClassRunner.java:57)
	at org.junit.runners.ParentRunner$3.run(ParentRunner.java:290)
	at org.junit.runners.ParentRunner$1.schedule(ParentRunner.java:71)
	at org.junit.runners.ParentRunner.runChildren(ParentRunner.java:288)
	at org.junit.runners.ParentRunner.access$000(ParentRunner.java:58)
	at org.junit.runners.ParentRunner$2.evaluate(ParentRunner.java:268)
	at org.junit.internal.runners.statements.RunBefores.evaluate(RunBefores.java:26)
	at org.junit.runners.ParentRunner.run(ParentRunner.java:363)
	at org.apache.maven.surefire.junit4.JUnit4Provider.execute(JUnit4Provider.java:252)
	at org.apache.maven.surefire.junit4.JUnit4Provider.executeTestSet(JUnit4Provider.java:141)
	at org.apache.maven.surefire.junit4.JUnit4Provider.invoke(JUnit4Provider.java:112)
	at java.base/jdk.internal.reflect.NativeMethodAccessorImpl.invoke0(Native Method)
	at java.base/jdk.internal.reflect.NativeMethodAccessorImpl.invoke(NativeMethodAccessorImpl.java:62)
	at java.base/jdk.internal.reflect.DelegatingMethodAccessorImpl.invoke(DelegatingMethodAccessorImpl.java:43)
	at java.base/java.lang.reflect.Method.invoke(Method.java:564)
	at org.apache.maven.surefire.util.ReflectionUtils.invokeMethodWithArray(ReflectionUtils.java:189)
	at org.apache.maven.surefire.booter.ProviderFactory$ProviderProxy.invoke(ProviderFactory.java:165)
	at org.apache.maven.surefire.booter.ProviderFactory.invokeProvider(ProviderFactory.java:85)
	at org.apache.maven.surefire.booter.ForkedBooter.runSuitesInProcess(ForkedBooter.java:115)
	at org.apache.maven.surefire.booter.ForkedBooter.main(ForkedBooter.java:75)
Caused by: java.sql.SQLException: Parameter number 1 is not an OUT parameter
	at com.mysql.cj.jdbc.exceptions.SQLError.createSQLException(SQLError.java:129)
	at com.mysql.cj.jdbc.exceptions.SQLError.createSQLException(SQLError.java:97)
	at com.mysql.cj.jdbc.exceptions.SQLError.createSQLException(SQLError.java:89)
	at com.mysql.cj.jdbc.exceptions.SQLError.createSQLException(SQLError.java:63)
	at com.mysql.cj.jdbc.CallableStatement.checkIsOutputParam(CallableStatement.java:643)
	at com.mysql.cj.jdbc.CallableStatement.registerOutParameter(CallableStatement.java:1714)
	at com.mysql.cj.jdbc.CallableStatement.registerOutParameter(CallableStatement.java:1722)
	at java.base/jdk.internal.reflect.NativeMethodAccessorImpl.invoke0(Native Method)
	at java.base/jdk.internal.reflect.NativeMethodAccessorImpl.invoke(NativeMethodAccessorImpl.java:62)
	at java.base/jdk.internal.reflect.DelegatingMethodAccessorImpl.invoke(DelegatingMethodAccessorImpl.java:43)
	at java.base/java.lang.reflect.Method.invoke(Method.java:564)
	at org.apache.ibatis.logging.jdbc.PreparedStatementLogger.invoke(PreparedStatementLogger.java:78)
	at com.sun.proxy.$Proxy24.registerOutParameter(Unknown Source)
	at org.apache.ibatis.executor.statement.CallableStatementHandler.registerOutputParameters(CallableStatementHandler.java:111)
	at org.apache.ibatis.executor.statement.CallableStatementHandler.parameterize(CallableStatementHandler.java:95)
	at org.apache.ibatis.executor.statement.RoutingStatementHandler.parameterize(RoutingStatementHandler.java:64)
	at org.apache.ibatis.executor.SimpleExecutor.prepareStatement(SimpleExecutor.java:88)
	at org.apache.ibatis.executor.SimpleExecutor.doUpdate(SimpleExecutor.java:49)
	at org.apache.ibatis.executor.BaseExecutor.update(BaseExecutor.java:117)
	at org.apache.ibatis.executor.CachingExecutor.update(CachingExecutor.java:76)
	at org.apache.ibatis.session.defaults.DefaultSqlSession.update(DefaultSqlSession.java:197)
	... 36 more
</error>
    <system-out>DEBUG [main] - ==&gt;  Preparing: {CALL insert_user_and_roles( ?, ?, ?, ?, ?, ?, ?, ? )}
 </system-out>
  </testcase>
  <testcase classname="com.zwwhnly.mybatisaction.mapper.SysUserMapperTest" name="testUpdateByIdSelective" time="0.018"/>
</testsuite>