<?xml version="1.0" encoding="UTF-8" ?>
<testsuite tests="7" failures="0" name="com.zwwhnly.mybatisaction.mapper.SysRoleMapperTest" time="0.214" errors="0" skipped="0">
  <properties>
[...]
</properties>
  <testcase classname="com.zwwhnly.mybatisaction.mapper.SysRoleMapperTest" name="testSelectRoleByUserId" time="0.059"/>
  <testcase classname="com.zwwhnly.mybatisaction.mapper.SysRoleMapperTest" name="testSelectAll" time="0.022"/>
  <testcase classname="com.zwwhnly.mybatisaction.mapper.SysRoleMapperTest" name="testUpdateById" time="0.033"/>
  <testcase classname="com.zwwhnly.mybatisaction.mapper.SysRoleMapperTest" name="testSelectRoleByUserIdChoose" time="0.037"/>
  <testcase classname="com.zwwhnly.mybatisaction.mapper.SysRoleMapperTest" name="testSelectAllRoleAndPrivileges" time="0.025"/>
  <testcase classname="com.zwwhnly.mybatisaction.mapper.SysRoleMapperTest" name="testSelectByIdUseResults" time="0.019"/>
  <testcase classname="com.zwwhnly.mybatisaction.mapper.SysRoleMapperTest" name="testSelectById" time="0.019"/>
</testsuite>